#
# There is insufficient memory for the Java Runtime Environment to continue.
# Native memory allocation (mmap) failed to map 234881024 bytes for G1 virtual space
# Possible reasons:
#   The system is out of physical RAM or swap space
#   The process is running with CompressedOops enabled, and the Java Heap may be blocking the growth of the native heap
# Possible solutions:
#   Reduce memory load on the system
#   Increase physical memory or swap space
#   Check if swap backing store is full
#   Decrease Java heap size (-Xmx/-Xms)
#   Decrease number of Java threads
#   Decrease Java thread stack sizes (-Xss)
#   Set larger code cache with -XX:ReservedCodeCacheSize=
#   JVM is running with Zero Based Compressed Oops mode in which the Java heap is
#     placed in the first 32GB address space. The Java Heap base address is the
#     maximum limit for the native heap growth. Please use -XX:HeapBaseMinAddress
#     to set the Java Heap base and to place the Java Heap above 32GB virtual address.
# This output file may be truncated or incomplete.
#
#  Out of Memory Error (os_windows.cpp:3530), pid=7968, tid=10340
#
# JRE version:  (18.0.2.1+1) (build )
# Java VM: Java HotSpot(TM) 64-Bit Server VM (18.0.2.1+1-1, mixed mode, sharing, tiered, compressed oops, compressed class ptrs, g1 gc, windows-amd64)
# No core dump will be written. Minidumps are not enabled by default on client versions of Windows
#

---------------  S U M M A R Y ------------

Command Line: -DRHDA_TOKEN=cd785135-8264-40f3-bcf7-f3b844dcde54 -DRHDA_SOURCE=vscode -DEXHORT_SYFT_PATH=syft -DEXHORT_SKOPEO_PATH=skopeo -DEXHORT_DOCKER_PATH=docker -DEXHORT_PODMAN_PATH=podman c:\Users\veera\.vscode\extensions\redhat.fabric8-analytics-0.9.5\dist/../javaApiAdapter/exhort-java-api-adapter-1.0-SNAPSHOT-jar-with-dependencies.jar json python:3.9-slim

Host: AMD Ryzen 5 3550H with Radeon Vega Mobile Gfx  , 8 cores, 13G,  Windows 10 , 64 bit Build 19041 (10.0.19041.5438)
Time: Sun Mar 30 23:43:43 2025 India Standard Time elapsed time: 0.016139 seconds (0d 0h 0m 0s)

---------------  T H R E A D  ---------------

Current thread (0x000001528ded3c70):  JavaThread "Unknown thread" [_thread_in_vm, id=10340, stack(0x000000288fe00000,0x000000288ff00000)]

Stack: [0x000000288fe00000,0x000000288ff00000]
Native frames: (J=compiled Java code, j=interpreted, Vv=VM code, C=native code)
V  [jvm.dll+0x6993aa]
V  [jvm.dll+0x7f46dd]
V  [jvm.dll+0x7f5fee]
V  [jvm.dll+0x7f66a3]
V  [jvm.dll+0x25cf1f]
V  [jvm.dll+0x6962f9]
V  [jvm.dll+0x68ae2a]
V  [jvm.dll+0x32255b]
V  [jvm.dll+0x329f36]
V  [jvm.dll+0x37eade]
V  [jvm.dll+0x37ed0f]
V  [jvm.dll+0x2fa2da]
V  [jvm.dll+0x2fb33d]
V  [jvm.dll+0x7c3310]
V  [jvm.dll+0x38be61]
V  [jvm.dll+0x7a2023]
V  [jvm.dll+0x40dc3f]
V  [jvm.dll+0x40f611]
C  [jli.dll+0x526b]
C  [ucrtbase.dll+0x21bb2]
C  [KERNEL32.DLL+0x17374]
C  [ntdll.dll+0x4cc91]


---------------  P R O C E S S  ---------------

Threads class SMR info:
_java_thread_list=0x00007ffbc375e550, length=0, elements={
}

Java Threads: ( => current thread )

Other Threads:
  0x000001528df39cd0 WorkerThread "GC Thread#0" [stack: 0x000000288ff00000,0x0000002890000000] [id=9552]
  0x000001528df48a10 ConcurrentGCThread "G1 Main Marker" [stack: 0x0000002890000000,0x0000002890100000] [id=7892]
  0x000001528df49aa0 WorkerThread "G1 Conc#0" [stack: 0x0000002890100000,0x0000002890200000] [id=6932]

[error occurred during error reporting (printing all threads), id 0xc0000005, EXCEPTION_ACCESS_VIOLATION (0xc0000005) at pc=0x00007ffbc2f8a877]

VM state: not at safepoint (not fully initialized)

VM Mutex/Monitor currently owned by a thread:  ([mutex/lock_event])
[0x000001528ded0690] Heap_lock - owner thread: 0x000001528ded3c70

Heap address: 0x0000000720e00000, size: 3570 MB, Compressed Oops mode: Zero based, Oop shift amount: 3

CDS archive(s) mapped at: [0x0000000000000000-0x0000000000000000-0x0000000000000000), size 0, SharedBaseAddress: 0x0000000800000000, ArchiveRelocationMode: 0.
Narrow klass base: 0x0000000000000000, Narrow klass shift: 0, Narrow klass range: 0x0

GC Precious Log:
 CardTable entry size: 512
 Card Set container configuration: InlinePtr #cards 4 size 8 Array Of Cards #cards 16 size 48 Howl #buckets 8 coarsen threshold 3686 Howl Bitmap #cards 512 size 80 coarsen threshold 460 Card regions per heap region 1 cards per card region 4096

Heap:
 garbage-first heap   total 0K, used 0K [0x0000000720e00000, 0x0000000800000000)
  region size 2048K, 0 young (0K), 0 survivors (0K)

[error occurred during error reporting (printing heap information), id 0xc0000005, EXCEPTION_ACCESS_VIOLATION (0xc0000005) at pc=0x00007ffbc3371839]

GC Heap History (0 events):
No events

Deoptimization events (0 events):
No events

Classes loaded (0 events):
No events

Classes unloaded (0 events):
No events

Classes redefined (0 events):
No events

Internal exceptions (0 events):
No events

VM Operations (0 events):
No events

Events (1 events):
Event: 0.010 Loaded shared library C:\Program Files\Java\jdk-18.0.2.1\bin\java.dll


Dynamic libraries:
0x00007ff7f62a0000 - 0x00007ff7f62b0000 	C:\Program Files\Java\jdk-18.0.2.1\bin\java.exe
0x00007ffc625b0000 - 0x00007ffc627a8000 	C:\WINDOWS\SYSTEM32\ntdll.dll
0x00007ffc624a0000 - 0x00007ffc62562000 	C:\WINDOWS\System32\KERNEL32.DLL
0x00007ffc5fda0000 - 0x00007ffc6009f000 	C:\WINDOWS\System32\KERNELBASE.dll
0x00007ffc604d0000 - 0x00007ffc605d0000 	C:\WINDOWS\System32\ucrtbase.dll
0x00007ffc49fe0000 - 0x00007ffc49ffa000 	C:\Program Files\Java\jdk-18.0.2.1\bin\VCRUNTIME140.dll
0x00007ffc49fc0000 - 0x00007ffc49fd8000 	C:\Program Files\Java\jdk-18.0.2.1\bin\jli.dll
0x00007ffc60e20000 - 0x00007ffc60ecf000 	C:\WINDOWS\System32\ADVAPI32.dll
0x00007ffc62150000 - 0x00007ffc621ee000 	C:\WINDOWS\System32\msvcrt.dll
0x00007ffc608f0000 - 0x00007ffc6098f000 	C:\WINDOWS\System32\sechost.dll
0x00007ffc60630000 - 0x00007ffc60753000 	C:\WINDOWS\System32\RPCRT4.dll
0x00007ffc60220000 - 0x00007ffc60247000 	C:\WINDOWS\System32\bcrypt.dll
0x00007ffc61410000 - 0x00007ffc615ad000 	C:\WINDOWS\System32\USER32.dll
0x00007ffc601f0000 - 0x00007ffc60212000 	C:\WINDOWS\System32\win32u.dll
0x00007ffc48c00000 - 0x00007ffc48e9a000 	C:\WINDOWS\WinSxS\amd64_microsoft.windows.common-controls_6595b64144ccf1df_6.0.19041.4355_none_60b8b9eb71f62e16\COMCTL32.dll
0x00007ffc62470000 - 0x00007ffc6249b000 	C:\WINDOWS\System32\GDI32.dll
0x00007ffc603b0000 - 0x00007ffc604ca000 	C:\WINDOWS\System32\gdi32full.dll
0x00007ffc60150000 - 0x00007ffc601ed000 	C:\WINDOWS\System32\msvcp_win.dll
0x00007ffc572d0000 - 0x00007ffc572da000 	C:\WINDOWS\SYSTEM32\VERSION.dll
0x00007ffc621f0000 - 0x00007ffc6221f000 	C:\WINDOWS\System32\IMM32.DLL
0x00007ffc59bb0000 - 0x00007ffc59bbc000 	C:\Program Files\Java\jdk-18.0.2.1\bin\vcruntime140_1.dll
0x00007ffc1ef60000 - 0x00007ffc1efed000 	C:\Program Files\Java\jdk-18.0.2.1\bin\msvcp140.dll
0x00007ffbc2c80000 - 0x00007ffbc3891000 	C:\Program Files\Java\jdk-18.0.2.1\bin\server\jvm.dll
0x00007ffc60e10000 - 0x00007ffc60e18000 	C:\WINDOWS\System32\PSAPI.DLL
0x00007ffc3de90000 - 0x00007ffc3de99000 	C:\WINDOWS\SYSTEM32\WSOCK32.dll
0x00007ffc547d0000 - 0x00007ffc547f7000 	C:\WINDOWS\SYSTEM32\WINMM.dll
0x00007ffc615b0000 - 0x00007ffc6161b000 	C:\WINDOWS\System32\WS2_32.dll
0x00007ffc5dc70000 - 0x00007ffc5dc82000 	C:\WINDOWS\SYSTEM32\kernel.appcore.dll
0x00007ffc49f60000 - 0x00007ffc49f6a000 	C:\Program Files\Java\jdk-18.0.2.1\bin\jimage.dll
0x00007ffc5d650000 - 0x00007ffc5d834000 	C:\WINDOWS\SYSTEM32\DBGHELP.DLL
0x00007ffc504b0000 - 0x00007ffc504e4000 	C:\WINDOWS\SYSTEM32\dbgcore.DLL
0x00007ffc5fd10000 - 0x00007ffc5fd92000 	C:\WINDOWS\System32\bcryptPrimitives.dll
0x00007ffc2d3b0000 - 0x00007ffc2d3d5000 	C:\Program Files\Java\jdk-18.0.2.1\bin\java.dll

dbghelp: loaded successfully - version: 4.0.5 - missing functions: none
symbol engine: initialized successfully - sym options: 0x614 - pdb path: .;C:\Program Files\Java\jdk-18.0.2.1\bin;C:\WINDOWS\SYSTEM32;C:\WINDOWS\WinSxS\amd64_microsoft.windows.common-controls_6595b64144ccf1df_6.0.19041.4355_none_60b8b9eb71f62e16;C:\Program Files\Java\jdk-18.0.2.1\bin\server

VM Arguments:
jvm_args: -DRHDA_TOKEN=cd785135-8264-40f3-bcf7-f3b844dcde54 -DRHDA_SOURCE=vscode -DEXHORT_SYFT_PATH=syft -DEXHORT_SKOPEO_PATH=skopeo -DEXHORT_DOCKER_PATH=docker -DEXHORT_PODMAN_PATH=podman 
java_command: c:\Users\veera\.vscode\extensions\redhat.fabric8-analytics-0.9.5\dist/../javaApiAdapter/exhort-java-api-adapter-1.0-SNAPSHOT-jar-with-dependencies.jar json python:3.9-slim
java_class_path (initial): c:\Users\veera\.vscode\extensions\redhat.fabric8-analytics-0.9.5\dist/../javaApiAdapter/exhort-java-api-adapter-1.0-SNAPSHOT-jar-with-dependencies.jar
Launcher Type: SUN_STANDARD

[Global flags]
     intx CICompilerCount                          = 4                                         {product} {ergonomic}
     uint ConcGCThreads                            = 2                                         {product} {ergonomic}
     uint G1ConcRefinementThreads                  = 8                                         {product} {ergonomic}
   size_t G1HeapRegionSize                         = 2097152                                   {product} {ergonomic}
    uintx GCDrainStackTargetSize                   = 64                                        {product} {ergonomic}
   size_t InitialHeapSize                          = 234881024                                 {product} {ergonomic}
   size_t MarkStackSize                            = 4194304                                   {product} {ergonomic}
   size_t MaxHeapSize                              = 3743416320                                {product} {ergonomic}
   size_t MinHeapDeltaBytes                        = 2097152                                   {product} {ergonomic}
   size_t MinHeapSize                              = 8388608                                   {product} {ergonomic}
    uintx NonNMethodCodeHeapSize                   = 5839372                                {pd product} {ergonomic}
    uintx NonProfiledCodeHeapSize                  = 122909434                              {pd product} {ergonomic}
    uintx ProfiledCodeHeapSize                     = 122909434                              {pd product} {ergonomic}
    uintx ReservedCodeCacheSize                    = 251658240                              {pd product} {ergonomic}
     bool SegmentedCodeCache                       = true                                      {product} {ergonomic}
   size_t SoftMaxHeapSize                          = 3743416320                             {manageable} {ergonomic}
     bool UseCompressedClassPointers               = true                           {product lp64_product} {ergonomic}
     bool UseCompressedOops                        = true                           {product lp64_product} {ergonomic}
     bool UseG1GC                                  = true                                      {product} {ergonomic}
     bool UseLargePagesIndividualAllocation        = false                                  {pd product} {ergonomic}

Logging:
Log output configuration:
 #0: stdout all=warning uptime,level,tags foldmultilines=false
 #1: stderr all=off uptime,level,tags foldmultilines=false

Environment Variables:
JAVA_HOME=C:\Program Files\Java\jdk-18.0.2.1
PATH=C:\Program Files\Common Files\Oracle\Java\javapath;C:\Program Files (x86)\Common Files\Oracle\Java\javapath;C:\ProgramData\Oracle\Java\javapath;C:\Python39\Scripts\;C:\Python39\;C:\WINDOWS\system32;C:\WINDOWS;C:\WINDOWS\System32\Wbem;C:\WINDOWS\System32\WindowsPowerShell\v1.0\;C:\WINDOWS\System32\OpenSSH\;C:\ProgramData\chocolatey\bin;C:\Program Files (x86)\dotnet\;D:\gcc-14.2.0-no-debug\bin;C:\Program Files\Git\cmd;C:\Program Files\MongoDB\Server\6.0\bin;E:\mongosh-1.10.4-win32-x64\mongosh-1.10.4-win32-x64\bin;C:\Users\veera\AppData\Roaming\nvm;C:\Program Files\nodejs;C:\Program Files\PostgreSQL\16\bin;C:\Program Files\PostgreSQL\16\lib;C:\Users\veera\AppData\Local\pnpm;C:\Users\veera\AppData\Local\Programs\Python\Python39\Scripts\;C:\Users\veera\AppData\Local\Programs\Python\Python39\;C:\Users\veera\AppData\Local\Programs\Python\Python38\Scripts\;C:\Users\veera\AppData\Local\Programs\Python\Python38\;C:\Users\veera\AppData\Local\Microsoft\WindowsApps;C:\Users\veera\AppData\Local\Programs\Microsoft VS Code\bin;C:\Users\veera\AppData\Local\Programs\Python\Python38-32\Scripts;C:\Users\veera\AppData\Local\Programs\Python\Python38-32;C:\msys64\mingw64\bin;E:\IntelliJ\IntelliJ IDEA Community Edition 2022.2.1\bin;C:\Program Files\JetBrains\PyCharm Community Edition 2023.1.4\bin;C:\Program Files\MongoDB\Server\6.0\bin\;C:\Users\veera\AppData\Roaming\nvm;C:\Program Files\nodejs;C:\Users\veera\AppData\Local\Microsoft\WinGet\Packages\SQLite.SQLite_Microsoft.Winget.Source_8wekyb3d8bbwe\sqlite-tools-win32-x86-3420000;C:\Program Files\Java\jdk-18.0.2.1\bin;E:\Xampp\php;C:\Users\veera\go\bin;C:\Program Files\apache-maven-3.9.5\bin;E:\IntelliJU\IntelliJ IDEA 2023.3.1\bin;E:\WebStorm\WebStorm 2023.3.4\bin;C:\Users\veera\AppData\Local\Programs\oh-my-posh\bin;C:\Program Files (x86)\gnupg\bin;C:\WINDOWS\system32\config\systemprofile\adb-fastboot\platform-tools;;C:\Program Files\Go\bin;C:\Program Files\Docker\Docker\resources\bin;C:\Program Files\Common Files\Oracle\Java\javapath;C:\Program Files (x86)\Common Files\Oracle\Java\javapath;C:\ProgramData\Oracle\Java\javapath;C:\Python39\Scripts\;C:\Python39\;C:\WINDOWS\system32;C:\WINDOWS;C:\WINDOWS\System32\Wbem;C:\WINDOWS\System32\WindowsPowerShell\v1.0\;C:\WINDOWS\System32\OpenSSH\;C:\ProgramData\chocolatey\bin;C:\Program Files (x86)\dotnet\;C:\MinGW\bin;C:\Program Files\Git\cmd;C:\Program Files\MongoDB\Server\6.0\bin;E:\mongosh-1.10.4-win32-x64\mongosh-1.10.4-win32-x64\bin;C:\Users\veera\AppData\Roaming\nvm;C:\Program Files\nodejs;C:\Program Files\Go\bin;C:\Program Files\Cloudflare\Cloudflare WARP\;C:\Program Files\PostgreSQL\16\bin;C:\Program Files\PostgreSQL\16\lib;C:\Program Files\Docker\Docker\resources\bin;C:\Users\veera\AppData\Local\pnpm;C:\Users\veera\AppData\Local\Programs\Python\Python39\Scripts\;C:\Users\veera\AppData\Local\Programs\Python\Python39\;C:\Users\veera\AppData\Local\Programs\Python\Python38\Scripts\;C:\Users\veera\AppData\Local\Programs\Python\Python38\;C:\User;"C:\Program Files\Common Files\Oracle\Java\javapath;C:\Program Files (x86)\Common Files\Oracle\Java\javapath;C:\ProgramData\Oracle\Java\javapath;C:\Python39\Scripts\;C:\Python39\;C:\WINDOWS\system32;C:\WINDOWS;C:\WINDOWS\System32\Wbem;C:\WINDOWS\System32\Windo";C:\Users\veera\AppData\Local\Programs\Microsoft VS Code\bin;E:\GoLand\GoLand 2024.3.1\bin;;C:\Users\veera\go\bin
USERNAME=veera
OS=Windows_NT
PROCESSOR_IDENTIFIER=AMD64 Family 23 Model 24 Stepping 1, AuthenticAMD



---------------  S Y S T E M  ---------------

OS:
 Windows 10 , 64 bit Build 19041 (10.0.19041.5438)
OS uptime: 0 days 0:20 hours
Hyper-V role detected

CPU: total 8 (initial active 8) (8 cores per cpu, 2 threads per core) family 23 model 24 stepping 1 microcode 0x0, cx8, cmov, fxsr, ht, mmx, 3dnowpref, sse, sse2, sse3, ssse3, sse4a, sse4.1, sse4.2, popcnt, lzcnt, tsc, tscinvbit, avx, avx2, aes, clmul, bmi1, bmi2, adx, sha, fma, vzeroupper, clflush, clflushopt, hv

Memory: 4k page, system-wide physical 14274M (1203M free)
TotalPageFile size 20970M (AvailPageFile size 94M)
current process WorkingSet (physical memory assigned to process): 10M, peak: 10M
current process commit charge ("private bytes"): 60M, peak: 284M

vm_info: Java HotSpot(TM) 64-Bit Server VM (18.0.2.1+1-1) for windows-amd64 JRE (18.0.2.1+1-1), built on Aug 16 2022 01:46:33 by "mach5one" with MS VC++ 16.8 / 16.9 (VS2019)

END.
